C51 COMPILER V9.52.0.0   DHT11                                                             06/06/2016 20:04:55 PAGE 1   


C51 COMPILER V9.52.0.0, COMPILATION OF MODULE DHT11
OBJECT MODULE PLACED IN .\DHT11.obj
COMPILER INVOKED BY: d:\Keil\C51\BIN\C51.EXE ..\DHT11\DHT11.c BROWSE INCDIR(..\UART;..\DHT11;..\ESP8266;..\MAIN) DEBUG O
                    -BJECTEXTEND PRINT(.\DHT11.lst) TABS(2) OBJECT(.\DHT11.obj)

line level    source

   1          //硬件连接： P2.0口为通讯口连接DHT1
   2          #include <reg52.h>
   3          #include "DHT11.h"
   4          
   5          #define uchar unsigned char
   6          #define uint unsigned int
   7          
   8          sbit DHT11_DATA = P0^0;
   9          
  10          uchar FLAG;
  11          uchar T_data_H, T_data_L, RH_data_H, RH_data_L, checkdata;
  12          uchar T_data_H_temp, T_data_L_temp, RH_data_H_temp, RH_data_L_temp, checkdata_temp;
  13          uchar DATA_TEMP; 
  14          extern uchar UartRcvEnd;
  15          
  16          void Delay_100us(uint j)
  17          {   
  18   1        uchar i;
  19   1        for(; j > 0; j--){  
  20   2          for(i = 0; i < 27; i++); 
  21   2        }
  22   1      }
  23          
  24          void  Delay_10us(void)
  25          {
  26   1        uchar i;
  27   1        i--;
  28   1        i--;
  29   1        i--;
  30   1        i--;
  31   1        i--;
  32   1        i--;
  33   1      }
  34          //串行总线  
  35          void DHT11_ReadValue(void)
  36          {
  37   1        uchar i, value;
  38   1        for(i = 0; i < 8; i++){
  39   2          FLAG = 2;
  40   2          while((!DHT11_DATA) && FLAG++);
  41   2          Delay_10us();
  42   2          Delay_10us();
  43   2          value=0;
  44   2          if(DHT11_DATA){
  45   3            value++;
  46   3          }
  47   2          FLAG = 2;
  48   2          while(DHT11_DATA && FLAG++);
  49   2          //超时则跳出for循环    
  50   2          if(FLAG == 1){
  51   3            break;
  52   3          }
  53   2          //判断数据位是0还是1  
  54   2          // 如果高电平高过预定0高电平值则数据位为 1 
C51 COMPILER V9.52.0.0   DHT11                                                             06/06/2016 20:04:55 PAGE 2   

  55   2          DATA_TEMP <<= 1;
  56   2          DATA_TEMP |= value;
  57   2        }
  58   1      }
  59          
  60           //--------------------------------
  61           //-----湿度读取子程序 ------------
  62           //--------------------------------
  63           //----以下变量均为全局变量--------
  64           //----温度高8位== T_data_H------
  65           //----温度低8位== T_data_L------
  66           //----湿度高8位== RH_data_H-----
  67           //----湿度低8位== RH_data_L-----
  68           //----校验 8位 == checkdata-----
  69           //----调用相关子程序如下----------
  70           //---- Delay();, Delay_10us();,DHT11_ReadValue(); 
  71           //--------------------------------
  72          
  73          void DHT11_ReadTempAndHumi(void)
  74          {
  75   1        uchar value;
  76   1        
  77   1        //主机拉低18ms 
  78   1        DHT11_DATA = 0;
  79   1        Delay_100us(180);
  80   1        DHT11_DATA = 1;
  81   1        
  82   1        //总线由上拉电阻拉高 主机延时20us
  83   1        Delay_10us();
  84   1        Delay_10us();
  85   1        Delay_10us();
  86   1        Delay_10us();
  87   1        
  88   1        //主机设为输入 判断从机响应信号 
  89   1        DHT11_DATA = 1;
  90   1        //判断从机是否有低电平响应信号 如不响应则跳出，响应则向下运行   
  91   1        if(!DHT11_DATA)   //T !   
  92   1        {
  93   2          FLAG = 2;
  94   2          //判断从机是否发出 80us 的低电平响应信号是否结束  
  95   2          while((!DHT11_DATA) && FLAG++);
  96   2          FLAG = 2;
  97   2          //判断从机是否发出 80us 的高电平，如发出则进入数据接收状态
  98   2          while(DHT11_DATA && FLAG++);
  99   2          //数据接收状态   
 100   2          DHT11_ReadValue();
 101   2          RH_data_H_temp = DATA_TEMP;
 102   2          DHT11_ReadValue();
 103   2          RH_data_L_temp = DATA_TEMP;
 104   2          DHT11_ReadValue();
 105   2          T_data_H_temp = DATA_TEMP;
 106   2          DHT11_ReadValue();
 107   2          T_data_L_temp = DATA_TEMP;
 108   2          DHT11_ReadValue();
 109   2          checkdata_temp = DATA_TEMP;
 110   2          DHT11_DATA = 1;
 111   2          //数据校验 
 112   2      
 113   2          value = T_data_H_temp + T_data_L_temp + RH_data_H_temp + RH_data_L_temp;
 114   2          if(value == checkdata_temp)
 115   2          {
 116   3            RH_data_H = RH_data_H_temp;
C51 COMPILER V9.52.0.0   DHT11                                                             06/06/2016 20:04:55 PAGE 3   

 117   3            RH_data_L = RH_data_L_temp;
 118   3            T_data_H = T_data_H_temp;
 119   3            T_data_L = T_data_L_temp;
 120   3            checkdata = checkdata_temp;
 121   3            UartRcvEnd = 1;
 122   3          }
 123   2        }
 124   1      }


MODULE INFORMATION:   STATIC OVERLAYABLE
   CODE SIZE        =    212    ----
   CONSTANT SIZE    =   ----    ----
   XDATA SIZE       =   ----    ----
   PDATA SIZE       =   ----    ----
   DATA SIZE        =     12       1
   IDATA SIZE       =   ----    ----
   BIT SIZE         =   ----    ----
END OF MODULE INFORMATION.


C51 COMPILATION COMPLETE.  0 WARNING(S),  0 ERROR(S)
