C51 COMPILER V9.52.0.0   UART                                                              06/08/2016 12:05:18 PAGE 1   


C51 COMPILER V9.52.0.0, COMPILATION OF MODULE UART
OBJECT MODULE PLACED IN .\UART.obj
COMPILER INVOKED BY: d:\Keil\C51\BIN\C51.EXE ..\UART\UART.c BROWSE INCDIR(..\UART;..\DHT11;..\ESP8266;..\MAIN) DEBUG OBJ
                    -ECTEXTEND PRINT(.\UART.lst) TABS(2) OBJECT(.\UART.obj)

line level    source

   1          /*****************************************************
   2          ** 功能模块：  串口收发
   3          ** 硬件相关：  MCU使用STC89C52RC,硬件连接对应如下： 
   4          **             TXD--->P31
   5          **             RXD--->P30   
   6          /*****************************************************/
   7          
   8          #include "UART.h"
   9          #include <REG52.H>
  10          #include <string.h>
  11          
  12          uchar xdata UartRcvBuf[UART_RCV_BUF_LEN];     //串口接收BUF
  13          uchar UartRcvByte = 0;                //串口接收标志位：1：接收到字节数据，0：未接收到数据
  14          uchar UartRcvStart = 0;               //串口开始接收数据标志位：1：开始接收数据，0：未开
             -接收数据
  15          uint UartRcvBufP = 0;               //串口接收buf指针
  16          uchar UartRcvEnd = 0;               //串口接收结束标志位，1：串口接收数据完成，0：串口数
             -处理完成
  17          uchar UartRcvTimeCount = 0;             //串口接收数据间隔计数
  18          
  19          /*****************************************************
  20          ** 函数名称：UartInit
  21          ** 函数功能：串口初始化
  22          ** 参    数：无
  23          ** 函数返回：无
  24          ******************************************************/
  25          void UartInit(void)                 //F3 2400bps@12MHz//FD 9600bps@11.0592MHz
  26          {
  27   1          PCON &= 0x7F;                 //波特率不倍速
  28   1          SCON = 0x50;                  //8位数据,可变波特率
  29   1          TMOD &= 0x0F;                 //清除定时器1模式位
  30   1          TMOD |= 0x20;                 //设定定时器1为8位自动重装方式
  31   1          TL1 = 0xFD;                   //设定定时初值
  32   1          TH1 = 0xFD;                   //设定定时器重装值
  33   1          ET1 = 0;                    //禁止定时器1中断
  34   1          TR1 = 1;                    //启动定时器1
  35   1          ES = 1;                     //允许串口中断
  36   1          EA = 1;                     //开总中断
  37   1      }
  38          
  39          /*****************************************************
  40          ** 函数名称：UartIntPro
  41          ** 函数功能：串口中断处理
  42          ** 参    数：无
  43          ** 函数返回：无
  44          ******************************************************/
  45          void UartIntPro(void) interrupt 4 using 1
  46          {
  47   1          if(RI)
  48   1          {
  49   2              RI = 0;
  50   2      
  51   2              if(UartRcvBufP == UART_RCV_BUF_LEN - 1)   //保持最后接收缓存最后1个字节为0
  52   2              {
C51 COMPILER V9.52.0.0   UART                                                              06/08/2016 12:05:18 PAGE 2   

  53   3                  return;
  54   3              }
  55   2      
  56   2              //UartRcvByte = 1;
  57   2              if(SBUF == '\n') {
  58   3                  //memset(UartRcvBuf, 0, UART_RCV_BUF_LEN);
  59   3                  UartRcvBufP = 0;
  60   3                  return;
  61   3              }
  62   2              //if((UartRcvEnd == 0) && (UartRcvStart == 1))
  63   2              {
  64   3                  UartRcvBuf[UartRcvBufP++] = SBUF; 
  65   3                  if(UartRcvBuf[5] == 'G' && UartRcvBuf[6] == 'O') {
  66   4                    UartRcvEnd = 1;
  67   4                  }
  68   3              }
  69   2          }
  70   1      }
  71          
  72          
  73          /*****************************************************
  74          ** 函数名称：UartClaer
  75          ** 函数功能：清零串口接收缓存BUF、相关标志位
  76          ** 参    数：无
  77          ** 函数返回：无
  78          ******************************************************/
  79          void UartClaer(void)
  80          {
  81   1          memset(UartRcvBuf, 0, UART_RCV_BUF_LEN);
  82   1          UartRcvByte = 0;
  83   1          UartRcvBufP = 0;
  84   1          UartRcvEnd = 0;
  85   1          UartRcvStart = 0;
  86   1      }
  87          
  88          /*****************************************************
  89          ** 函数名称：UartSendChar
  90          ** 函数功能：串口发送单字节
  91          ** 参    数：senddata：需要发送的字节
  92          ** 函数返回：无
  93          ******************************************************/
  94          void UartSendData(uchar senddata)
  95          {
  96   1          SBUF = senddata;
  97   1          while(!TI);     //等待字节发送完成
  98   1          TI = 0;
  99   1      }
 100          
 101          /*****************************************************
 102          ** 函数名称：UartSendString
 103          ** 函数功能：串口发送字符串
 104          ** 参    数：*string：指向需要发送的字符串指针
 105          ** 函数返回：无
 106          ******************************************************/
 107          void UartSendString(uchar *string)
 108          {
 109   1      
 110   1          while((*string) != '\0')
 111   1          {
 112   2              SBUF = *string;
 113   2              while(!TI);
 114   2              TI = 0;
C51 COMPILER V9.52.0.0   UART                                                              06/08/2016 12:05:18 PAGE 3   

 115   2              string++;
 116   2          }
 117   1      }
 118          
 119          /*****************************************************
 120          ** 函数名称：UartSendBuf
 121          ** 函数功能：串口发送数组
 122          ** 参    数：*bufp：指向需要发送的数组指针
 123                 len：需要发送的数组长度
 124          ** 函数返回：无
 125          ******************************************************/
 126          void UartSendBuf(uchar *bufp,uint len)
 127          {
 128   1          uint i;
 129   1      
 130   1          for(i = 0;i < len;i++)
 131   1          {
 132   2              SBUF = *bufp;
 133   2              while(!TI);
 134   2              TI = 0;
 135   2              bufp++;
 136   2          }
 137   1      }
 138          


MODULE INFORMATION:   STATIC OVERLAYABLE
   CODE SIZE        =    208    ----
   CONSTANT SIZE    =   ----    ----
   XDATA SIZE       =    256    ----
   PDATA SIZE       =   ----    ----
   DATA SIZE        =      6       2
   IDATA SIZE       =   ----    ----
   BIT SIZE         =   ----    ----
END OF MODULE INFORMATION.


C51 COMPILATION COMPLETE.  0 WARNING(S),  0 ERROR(S)
